Using pre-set license
Built from '2022.3/staging' branch; Version is '2022.3.21f1 (bf09ca542b87) revision 12519882'; Using compiler version '192829333'; Build Type 'Release'
OS: 'Windows 11  (10.0.22631) 64bit Core' Language: 'ru' Physical Memory: 7616 MB
BatchMode: 1, IsHumanControllingUs: 0, StartBugReporterOnCrash: 0, Is64bit: 1, IsPro: 1

COMMAND LINE ARGUMENTS:
D:\Unity\2022.3.21f1\Editor\Unity.exe
-adb2
-batchMode
-noUpm
-name
AssetImportWorker0
-projectPath
D:/2dgame
-logFile
Logs/AssetImportWorker0.log
-srvPort
51857
Successfully changed project path to: D:/2dgame
D:/2dgame
[UnityMemory] Configuration Parameters - Can be set up in boot.config
    "memorysetup-bucket-allocator-granularity=16"
    "memorysetup-bucket-allocator-bucket-count=8"
    "memorysetup-bucket-allocator-block-size=33554432"
    "memorysetup-bucket-allocator-block-count=8"
    "memorysetup-main-allocator-block-size=16777216"
    "memorysetup-thread-allocator-block-size=16777216"
    "memorysetup-gfx-main-allocator-block-size=16777216"
    "memorysetup-gfx-thread-allocator-block-size=16777216"
    "memorysetup-cache-allocator-block-size=4194304"
    "memorysetup-typetree-allocator-block-size=2097152"
    "memorysetup-profiler-bucket-allocator-granularity=16"
    "memorysetup-profiler-bucket-allocator-bucket-count=8"
    "memorysetup-profiler-bucket-allocator-block-size=33554432"
    "memorysetup-profiler-bucket-allocator-block-count=8"
    "memorysetup-profiler-allocator-block-size=16777216"
    "memorysetup-profiler-editor-allocator-block-size=1048576"
    "memorysetup-temp-allocator-size-main=16777216"
    "memorysetup-job-temp-allocator-block-size=2097152"
    "memorysetup-job-temp-allocator-block-size-background=1048576"
    "memorysetup-job-temp-allocator-reduction-small-platforms=262144"
    "memorysetup-allocator-temp-initial-block-size-main=262144"
    "memorysetup-allocator-temp-initial-block-size-worker=262144"
    "memorysetup-temp-allocator-size-background-worker=32768"
    "memorysetup-temp-allocator-size-job-worker=262144"
    "memorysetup-temp-allocator-size-preload-manager=33554432"
    "memorysetup-temp-allocator-size-nav-mesh-worker=65536"
    "memorysetup-temp-allocator-size-audio-worker=65536"
    "memorysetup-temp-allocator-size-cloud-worker=32768"
    "memorysetup-temp-allocator-size-gi-baking-worker=262144"
    "memorysetup-temp-allocator-size-gfx=262144"
Player connection [25804] Host "[IP] 192.168.0.200 [Port] 0 [Flags] 2 [Guid] 712607901 [EditorId] 712607901 [Version] 1048832 [Id] WindowsEditor(7,LAPTOP-RTF7ONHU) [Debug] 1 [PackageName] WindowsEditor [ProjectName] Editor" joined multi-casting on [225.0.0.222:54997]...

Player connection [25804] Host "[IP] 192.168.0.200 [Port] 0 [Flags] 2 [Guid] 712607901 [EditorId] 712607901 [Version] 1048832 [Id] WindowsEditor(7,LAPTOP-RTF7ONHU) [Debug] 1 [PackageName] WindowsEditor [ProjectName] Editor" joined alternative multi-casting on [225.0.0.222:34997]...

[Physics::Module] Initialized MultithreadedJobDispatcher with 7 workers.
Refreshing native plugins compatible for Editor in 44.19 ms, found 4 plugins.
Preloading 0 native plugins for Editor in 0.00 ms.
Initialize engine version: 2022.3.21f1 (bf09ca542b87)
[Subsystems] Discovering subsystems at path D:/Unity/2022.3.21f1/Editor/Data/Resources/UnitySubsystems
[Subsystems] Discovering subsystems at path D:/2dgame/Assets
GfxDevice: creating device client; threaded=0; jobified=0
Direct3D:
    Version:  Direct3D 11.0 [level 11.1]
    Renderer: NVIDIA GeForce GTX 1650 (ID=0x1f91)
    Vendor:   NVIDIA
    VRAM:     3950 MB
    Driver:   31.0.15.4633
Initialize mono
Mono path[0] = 'D:/Unity/2022.3.21f1/Editor/Data/Managed'
Mono path[1] = 'D:/Unity/2022.3.21f1/Editor/Data/MonoBleedingEdge/lib/mono/unityjit-win32'
Mono config path = 'D:/Unity/2022.3.21f1/Editor/Data/MonoBleedingEdge/etc'
Using monoOptions --debugger-agent=transport=dt_socket,embedding=1,server=y,suspend=n,address=127.0.0.1:56164
Begin MonoManager ReloadAssembly
Registering precompiled unity dll's ...
Register platform support module: D:/Unity/2022.3.21f1/Editor/Data/PlaybackEngines/WebGLSupport/UnityEditor.WebGL.Extensions.dll
Register platform support module: D:/Unity/2022.3.21f1/Editor/Data/PlaybackEngines/WindowsStandaloneSupport/UnityEditor.WindowsStandalone.Extensions.dll
Registered in 0.009149 seconds.
- Loaded All Assemblies, in  0.666 seconds
Native extension for WindowsStandalone target not found
Native extension for WebGL target not found
Mono: successfully reloaded assembly
- Finished resetting the current domain, in  0.532 seconds
Domain Reload Profiling: 1199ms
	BeginReloadAssembly (265ms)
		ExecutionOrderSort (0ms)
		DisableScriptedObjects (0ms)
		BackupInstance (0ms)
		ReleaseScriptingObjects (0ms)
		CreateAndSetChildDomain (1ms)
	RebuildCommonClasses (61ms)
	RebuildNativeTypeToScriptingClass (16ms)
	initialDomainReloadingComplete (87ms)
	LoadAllAssembliesAndSetupDomain (237ms)
		LoadAssemblies (264ms)
		RebuildTransferFunctionScriptingTraits (0ms)
		AnalyzeDomain (233ms)
			TypeCache.Refresh (231ms)
				TypeCache.ScanAssembly (210ms)
			ScanForSourceGeneratedMonoScriptInfo (1ms)
			ResolveRequiredComponents (1ms)
	FinalizeReload (533ms)
		ReleaseScriptCaches (0ms)
		RebuildScriptCaches (0ms)
		SetupLoadedEditorAssemblies (419ms)
			LogAssemblyErrors (0ms)
			InitializePlatformSupportModulesInManaged (14ms)
			SetLoadedEditorAssemblies (9ms)
			RefreshPlugins (0ms)
			BeforeProcessingInitializeOnLoad (4ms)
			ProcessInitializeOnLoadAttributes (234ms)
			ProcessInitializeOnLoadMethodAttributes (158ms)
			AfterProcessingInitializeOnLoad (0ms)
			EditorAssembliesLoaded (0ms)
		ExecutionOrderSort2 (0ms)
		AwakeInstancesAfterBackupRestoration (0ms)
========================================================================
Worker process is ready to serve import requests
Begin MonoManager ReloadAssembly
- Loaded All Assemblies, in  4.795 seconds
Refreshing native plugins compatible for Editor in 24.78 ms, found 4 plugins.
Native extension for WindowsStandalone target not found
Native extension for WebGL target not found
Package Manager log level set to [2]
[Package Manager] Server::EnsureServerProcessIsRunning -- launch failed, reason: Unity was launched with the -noUpm command-line argument
[Package Manager] UpmClient::Send -- Unable to send message (not connected to UPM process).
[Package Manager] Cannot connect to Unity Package Manager local server
Mono: successfully reloaded assembly
- Finished resetting the current domain, in  2.194 seconds
Domain Reload Profiling: 6988ms
	BeginReloadAssembly (479ms)
		ExecutionOrderSort (0ms)
		DisableScriptedObjects (13ms)
		BackupInstance (0ms)
		ReleaseScriptingObjects (1ms)
		CreateAndSetChildDomain (70ms)
	RebuildCommonClasses (95ms)
	RebuildNativeTypeToScriptingClass (31ms)
	initialDomainReloadingComplete (114ms)
	LoadAllAssembliesAndSetupDomain (4074ms)
		LoadAssemblies (2649ms)
		RebuildTransferFunctionScriptingTraits (0ms)
		AnalyzeDomain (1739ms)
			TypeCache.Refresh (1571ms)
				TypeCache.ScanAssembly (1379ms)
			ScanForSourceGeneratedMonoScriptInfo (129ms)
			ResolveRequiredComponents (36ms)
	FinalizeReload (2194ms)
		ReleaseScriptCaches (0ms)
		RebuildScriptCaches (0ms)
		SetupLoadedEditorAssemblies (1556ms)
			LogAssemblyErrors (0ms)
			InitializePlatformSupportModulesInManaged (58ms)
			SetLoadedEditorAssemblies (22ms)
			RefreshPlugins (0ms)
			BeforeProcessingInitializeOnLoad (232ms)
			ProcessInitializeOnLoadAttributes (1160ms)
			ProcessInitializeOnLoadMethodAttributes (81ms)
			AfterProcessingInitializeOnLoad (3ms)
			EditorAssembliesLoaded (0ms)
		ExecutionOrderSort2 (0ms)
		AwakeInstancesAfterBackupRestoration (9ms)
Launched and connected shader compiler UnityShaderCompiler.exe after 0.11 seconds
Refreshing native plugins compatible for Editor in 24.06 ms, found 4 plugins.
Preloading 0 native plugins for Editor in 0.00 ms.
Unloading 4206 Unused Serialized files (Serialized files now loaded: 0)
Unloading 83 unused Assets / (292.1 KB). Loaded Objects now: 4684.
Memory consumption went from 162.6 MB to 162.3 MB.
Total: 13.317300 ms (FindLiveObjects: 1.062800 ms CreateObjectMapping: 1.361900 ms MarkObjects: 9.879000 ms  DeleteObjects: 1.009300 ms)

AssetImportParameters requested are different than current active one (requested -> active):
  custom:container-demuxer-ogg: 62fdf1f143b41e24485cea50d1cbac27 -> 
  custom:video-decoder-ogg-theora: a1e56fd34408186e4bbccfd4996cb3dc -> 
  custom:framework-win-MediaFoundation: 216162199b28c13a410421893ffa2e32 -> 
  custom:CustomObjectIndexerAttribute: 9a22284fe3817be447336de3de66b15e -> 
  custom:container-demuxer-webm: 4f35f7cbe854078d1ac9338744f61a02 -> 
  custom:container-muxer-webm: aa71ff27fc2769a1b78a27578f13a17b -> 
  custom:video-decoder-webm-vp8: 9c59270c3fd7afecdb556c50c9e8de78 -> 
  custom:SearchIndexIgnoredProperties: e643bd26f0fe6173181afceb89e7c659 -> 
  custom:AudioImporter_EditorPlatform: d09bf68614088b80899f8185d706f6e7 -> 
  custom:video-encoder-webm-vp8: eb34c28f22e8b96e1ab97ce403110664 -> 
  custom:audio-decoder-ogg-vorbis: bf7c407c2cedff20999df2af8eb42d56 -> 
  custom:audio-encoder-webm-vorbis: bf7c407c2cedff20999df2af8eb42d56 -> 
========================================================================
Received Import Request.
  Time since last request: 38100.892262 seconds.
  path: Assets/Skrypty/moneta.asset
  artifactKey: Guid(5c65a9793b5ed75f3bcb0c22a4a2c3a4) Importer(815301076,1909f56bfc062723c751e8b465ee728b)
Start importing Assets/Skrypty/moneta.asset using Guid(5c65a9793b5ed75f3bcb0c22a4a2c3a4) Importer(815301076,1909f56bfc062723c751e8b465ee728b)  -> (artifact id: '29acf799bb096c3485d4fd0b9c42a42d') in 0.044344 seconds
Number of updated asset objects reloaded before import = 0
Number of asset objects unloaded after import = 1
========================================================================
Received Import Request.
  Time since last request: 0.000042 seconds.
  path: Assets/Skrypty/PoziomZycia.asset
  artifactKey: Guid(214d8ec6c5b413c08982f97a799d0f40) Importer(815301076,1909f56bfc062723c751e8b465ee728b)
Start importing Assets/Skrypty/PoziomZycia.asset using Guid(214d8ec6c5b413c08982f97a799d0f40) Importer(815301076,1909f56bfc062723c751e8b465ee728b)  -> (artifact id: '1729c62b0d4ab9fe4899e962e2d41174') in 0.004789 seconds
Number of updated asset objects reloaded before import = 0
Number of asset objects unloaded after import = 1
========================================================================
Received Import Request.
  Time since last request: 0.000331 seconds.
  path: Assets/Skrypty/serduszko.asset
  artifactKey: Guid(e65f70b8aa0f3a57992cd1cfc711f6ea) Importer(815301076,1909f56bfc062723c751e8b465ee728b)
Start importing Assets/Skrypty/serduszko.asset using Guid(e65f70b8aa0f3a57992cd1cfc711f6ea) Importer(815301076,1909f56bfc062723c751e8b465ee728b)  -> (artifact id: '7614d05613217f67af3d3cf7ab774422') in 0.007470 seconds
Number of updated asset objects reloaded before import = 0
Number of asset objects unloaded after import = 1
========================================================================
Received Import Request.
  Time since last request: 0.000044 seconds.
  path: Assets/Skrypty/enemy_controler.cs
  artifactKey: Guid(db6c0fb6accf572448e8e8458d9e91c5) Importer(815301076,1909f56bfc062723c751e8b465ee728b)
Start importing Assets/Skrypty/enemy_controler.cs using Guid(db6c0fb6accf572448e8e8458d9e91c5) Importer(815301076,1909f56bfc062723c751e8b465ee728b)  -> (artifact id: '842e7af2c789a7addc8315e3ed267b28') in 0.001726 seconds
Number of updated asset objects reloaded before import = 0
Number of asset objects unloaded after import = 0
========================================================================
Received Prepare
Begin MonoManager ReloadAssembly
- Loaded All Assemblies, in  0.677 seconds
Refreshing native plugins compatible for Editor in 4.91 ms, found 4 plugins.
Native extension for WindowsStandalone target not found
Native extension for WebGL target not found
[Package Manager] Server::EnsureServerProcessIsRunning -- launch failed, reason: Unity was launched with the -noUpm command-line argument
[Package Manager] UpmClient::Send -- Unable to send message (not connected to UPM process).
[Package Manager] Cannot connect to Unity Package Manager local server
Mono: successfully reloaded assembly
- Finished resetting the current domain, in  2.440 seconds
Domain Reload Profiling: 3117ms
	BeginReloadAssembly (234ms)
		ExecutionOrderSort (0ms)
		DisableScriptedObjects (18ms)
		BackupInstance (0ms)
		ReleaseScriptingObjects (0ms)
		CreateAndSetChildDomain (51ms)
	RebuildCommonClasses (47ms)
	RebuildNativeTypeToScriptingClass (17ms)
	initialDomainReloadingComplete (34ms)
	LoadAllAssembliesAndSetupDomain (344ms)
		LoadAssemblies (436ms)
		RebuildTransferFunctionScriptingTraits (0ms)
		AnalyzeDomain (37ms)
			TypeCache.Refresh (11ms)
				TypeCache.ScanAssembly (0ms)
			ScanForSourceGeneratedMonoScriptInfo (13ms)
			ResolveRequiredComponents (12ms)
	FinalizeReload (2441ms)
		ReleaseScriptCaches (0ms)
		RebuildScriptCaches (0ms)
		SetupLoadedEditorAssemblies (704ms)
			LogAssemblyErrors (0ms)
			InitializePlatformSupportModulesInManaged (8ms)
			SetLoadedEditorAssemblies (4ms)
			RefreshPlugins (0ms)
			BeforeProcessingInitializeOnLoad (120ms)
			ProcessInitializeOnLoadAttributes (517ms)
			ProcessInitializeOnLoadMethodAttributes (52ms)
			AfterProcessingInitializeOnLoad (3ms)
			EditorAssembliesLoaded (0ms)
		ExecutionOrderSort2 (0ms)
		AwakeInstancesAfterBackupRestoration (17ms)
Refreshing native plugins compatible for Editor in 5.25 ms, found 4 plugins.
Preloading 0 native plugins for Editor in 0.00 ms.
Unloading 4199 Unused Serialized files (Serialized files now loaded: 0)
Unloading 44 unused Assets / (292.7 KB). Loaded Objects now: 4702.
Memory consumption went from 162.7 MB to 162.4 MB.
Total: 4.582100 ms (FindLiveObjects: 0.438700 ms CreateObjectMapping: 0.146400 ms MarkObjects: 3.662800 ms  DeleteObjects: 0.332100 ms)

Prepare: number of updated asset objects reloaded= 0
AssetImportParameters requested are different than current active one (requested -> active):
  custom:container-demuxer-ogg: 62fdf1f143b41e24485cea50d1cbac27 -> 
  custom:video-decoder-ogg-theora: a1e56fd34408186e4bbccfd4996cb3dc -> 
  custom:framework-win-MediaFoundation: 216162199b28c13a410421893ffa2e32 -> 
  custom:CustomObjectIndexerAttribute: 9a22284fe3817be447336de3de66b15e -> 
  custom:container-demuxer-webm: 4f35f7cbe854078d1ac9338744f61a02 -> 
  custom:container-muxer-webm: aa71ff27fc2769a1b78a27578f13a17b -> 
  custom:video-decoder-webm-vp8: 9c59270c3fd7afecdb556c50c9e8de78 -> 
  custom:SearchIndexIgnoredProperties: e643bd26f0fe6173181afceb89e7c659 -> 
  custom:AudioImporter_EditorPlatform: d09bf68614088b80899f8185d706f6e7 -> 
  custom:video-encoder-webm-vp8: eb34c28f22e8b96e1ab97ce403110664 -> 
  custom:audio-decoder-ogg-vorbis: bf7c407c2cedff20999df2af8eb42d56 -> 
  custom:audio-encoder-webm-vorbis: bf7c407c2cedff20999df2af8eb42d56 -> 
========================================================================
Received Prepare
Begin MonoManager ReloadAssembly
- Loaded All Assemblies, in  0.658 seconds
Refreshing native plugins compatible for Editor in 5.53 ms, found 4 plugins.
Native extension for WindowsStandalone target not found
Native extension for WebGL target not found
[Package Manager] Server::EnsureServerProcessIsRunning -- launch failed, reason: Unity was launched with the -noUpm command-line argument
[Package Manager] UpmClient::Send -- Unable to send message (not connected to UPM process).
[Package Manager] Cannot connect to Unity Package Manager local server
Mono: successfully reloaded assembly
- Finished resetting the current domain, in  1.735 seconds
Domain Reload Profiling: 2393ms
	BeginReloadAssembly (223ms)
		ExecutionOrderSort (0ms)
		DisableScriptedObjects (19ms)
		BackupInstance (0ms)
		ReleaseScriptingObjects (0ms)
		CreateAndSetChildDomain (43ms)
	RebuildCommonClasses (56ms)
	RebuildNativeTypeToScriptingClass (16ms)
	initialDomainReloadingComplete (40ms)
	LoadAllAssembliesAndSetupDomain (321ms)
		LoadAssemblies (422ms)
		RebuildTransferFunctionScriptingTraits (0ms)
		AnalyzeDomain (26ms)
			TypeCache.Refresh (10ms)
				TypeCache.ScanAssembly (0ms)
			ScanForSourceGeneratedMonoScriptInfo (0ms)
			ResolveRequiredComponents (14ms)
	FinalizeReload (1736ms)
		ReleaseScriptCaches (0ms)
		RebuildScriptCaches (0ms)
		SetupLoadedEditorAssemblies (732ms)
			LogAssemblyErrors (0ms)
			InitializePlatformSupportModulesInManaged (8ms)
			SetLoadedEditorAssemblies (5ms)
			RefreshPlugins (0ms)
			BeforeProcessingInitializeOnLoad (103ms)
			ProcessInitializeOnLoadAttributes (554ms)
			ProcessInitializeOnLoadMethodAttributes (58ms)
			AfterProcessingInitializeOnLoad (3ms)
			EditorAssembliesLoaded (0ms)
		ExecutionOrderSort2 (0ms)
		AwakeInstancesAfterBackupRestoration (22ms)
Refreshing native plugins compatible for Editor in 6.79 ms, found 4 plugins.
Preloading 0 native plugins for Editor in 0.00 ms.
Unloading 4200 Unused Serialized files (Serialized files now loaded: 0)
Unloading 44 unused Assets / (291.7 KB). Loaded Objects now: 4718.
Memory consumption went from 164.9 MB to 164.7 MB.
Total: 6.266700 ms (FindLiveObjects: 0.546500 ms CreateObjectMapping: 0.472200 ms MarkObjects: 4.950900 ms  DeleteObjects: 0.295600 ms)

Prepare: number of updated asset objects reloaded= 0
AssetImportParameters requested are different than current active one (requested -> active):
  custom:container-demuxer-ogg: 62fdf1f143b41e24485cea50d1cbac27 -> 
  custom:video-decoder-ogg-theora: a1e56fd34408186e4bbccfd4996cb3dc -> 
  custom:framework-win-MediaFoundation: 216162199b28c13a410421893ffa2e32 -> 
  custom:CustomObjectIndexerAttribute: 9a22284fe3817be447336de3de66b15e -> 
  custom:container-demuxer-webm: 4f35f7cbe854078d1ac9338744f61a02 -> 
  custom:container-muxer-webm: aa71ff27fc2769a1b78a27578f13a17b -> 
  custom:video-decoder-webm-vp8: 9c59270c3fd7afecdb556c50c9e8de78 -> 
  custom:SearchIndexIgnoredProperties: e643bd26f0fe6173181afceb89e7c659 -> 
  custom:AudioImporter_EditorPlatform: d09bf68614088b80899f8185d706f6e7 -> 
  custom:video-encoder-webm-vp8: eb34c28f22e8b96e1ab97ce403110664 -> 
  custom:audio-decoder-ogg-vorbis: bf7c407c2cedff20999df2af8eb42d56 -> 
  custom:audio-encoder-webm-vorbis: bf7c407c2cedff20999df2af8eb42d56 -> 
========================================================================
Received Import Request.
  Time since last request: 424.334097 seconds.
  path: Assets/Skrypty/enemy_controler.cs
  artifactKey: Guid(db6c0fb6accf572448e8e8458d9e91c5) Importer(815301076,1909f56bfc062723c751e8b465ee728b)
Start importing Assets/Skrypty/enemy_controler.cs using Guid(db6c0fb6accf572448e8e8458d9e91c5) Importer(815301076,1909f56bfc062723c751e8b465ee728b)  -> (artifact id: 'd67c07dbed94b710d41fe0e7660657b4') in 0.003098 seconds
Number of updated asset objects reloaded before import = 0
Number of asset objects unloaded after import = 0
========================================================================
Received Import Request.
  Time since last request: 19.461696 seconds.
  path: Assets/Duszki/Przeciwnik/Przedmioty/przedmioty.png
  artifactKey: Guid(53544b579d764ff6da7250a785075325) Importer(815301076,1909f56bfc062723c751e8b465ee728b)
Start importing Assets/Duszki/Przeciwnik/Przedmioty/przedmioty.png using Guid(53544b579d764ff6da7250a785075325) Importer(815301076,1909f56bfc062723c751e8b465ee728b)  -> (artifact id: '1db9e3061ffefe7047dcd962d793ef35') in 0.208125 seconds
Number of updated asset objects reloaded before import = 0
Number of asset objects unloaded after import = 14
========================================================================
Received Import Request.
  Time since last request: 53.873647 seconds.
  path: Assets/Duszki/Przeciwnik/upenem.anim
  artifactKey: Guid(9b62979a476caf445ac22c11d24a51f4) Importer(815301076,1909f56bfc062723c751e8b465ee728b)
Start importing Assets/Duszki/Przeciwnik/upenem.anim using Guid(9b62979a476caf445ac22c11d24a51f4) Importer(815301076,1909f56bfc062723c751e8b465ee728b)  -> (artifact id: '7724bdb1939f54849b2d8ce8821bfeb7') in 0.002499 seconds
Number of updated asset objects reloaded before import = 0
Number of asset objects unloaded after import = 1
========================================================================
Received Import Request.
  Time since last request: 83.530794 seconds.
  path: Assets/Duszki/Przeciwnik/Download15804 1.png
  artifactKey: Guid(7abe6e30c267bb745a2380096d733d11) Importer(815301076,1909f56bfc062723c751e8b465ee728b)
Start importing Assets/Duszki/Przeciwnik/Download15804 1.png using Guid(7abe6e30c267bb745a2380096d733d11) Importer(815301076,1909f56bfc062723c751e8b465ee728b)  -> (artifact id: 'bad6050cd816050ddbc47b4ae97f0951') in 0.623671 seconds
Number of updated asset objects reloaded before import = 0
Number of asset objects unloaded after import = 180
========================================================================
Received Import Request.
  Time since last request: 0.000063 seconds.
  path: Assets/Duszki/Przeciwnik/Download15804 2.png
  artifactKey: Guid(72c88ef4eb17d9d47a60718673a9aded) Importer(815301076,1909f56bfc062723c751e8b465ee728b)
Start importing Assets/Duszki/Przeciwnik/Download15804 2.png using Guid(72c88ef4eb17d9d47a60718673a9aded) Importer(815301076,1909f56bfc062723c751e8b465ee728b)  -> (artifact id: 'ac4a5f570cccef4a6c46e9666b430be0') in 0.496432 seconds
Number of updated asset objects reloaded before import = 0
Number of asset objects unloaded after import = 180
========================================================================
Received Import Request.
  Time since last request: 3.829079 seconds.
  path: Assets/Duszki/Przeciwnik/left.anim
  artifactKey: Guid(c48c0f8da1cdf5e4f8dfa5535026c510) Importer(815301076,1909f56bfc062723c751e8b465ee728b)
Start importing Assets/Duszki/Przeciwnik/left.anim using Guid(c48c0f8da1cdf5e4f8dfa5535026c510) Importer(815301076,1909f56bfc062723c751e8b465ee728b)  -> (artifact id: '16b689b24ed6ce01c2c2f5da4bffa72c') in 0.001409 seconds
Number of updated asset objects reloaded before import = 0
Number of asset objects unloaded after import = 1
========================================================================
Received Import Request.
  Time since last request: 36.659745 seconds.
  path: Assets/Duszki/Przeciwnik/downenem.anim
  artifactKey: Guid(72eea7336a72c9c4995df214265a0562) Importer(815301076,1909f56bfc062723c751e8b465ee728b)
Start importing Assets/Duszki/Przeciwnik/downenem.anim using Guid(72eea7336a72c9c4995df214265a0562) Importer(815301076,1909f56bfc062723c751e8b465ee728b)  -> (artifact id: '8fcd7561f72603d6d33e652054b4ed42') in 0.001784 seconds
Number of updated asset objects reloaded before import = 0
Number of asset objects unloaded after import = 1
========================================================================
Received Import Request.
  Time since last request: 28.912171 seconds.
  path: Assets/Duszki/Przeciwnik/rightenem.anim
  artifactKey: Guid(66d568aeda7258d45b5cf023097c2b7d) Importer(815301076,1909f56bfc062723c751e8b465ee728b)
Start importing Assets/Duszki/Przeciwnik/rightenem.anim using Guid(66d568aeda7258d45b5cf023097c2b7d) Importer(815301076,1909f56bfc062723c751e8b465ee728b)  -> (artifact id: '80a66c76eb4bd79ee9d472acb6f577c5') in 0.001673 seconds
Number of updated asset objects reloaded before import = 0
Number of asset objects unloaded after import = 1
========================================================================
Received Import Request.
  Time since last request: 14.437925 seconds.
  path: Assets/Duszki/Przeciwnik/leftenem.anim
  artifactKey: Guid(c48c0f8da1cdf5e4f8dfa5535026c510) Importer(815301076,1909f56bfc062723c751e8b465ee728b)
Start importing Assets/Duszki/Przeciwnik/leftenem.anim using Guid(c48c0f8da1cdf5e4f8dfa5535026c510) Importer(815301076,1909f56bfc062723c751e8b465ee728b)  -> (artifact id: '28e30e10e6d524a334399484d46b955c') in 0.001617 seconds
Number of updated asset objects reloaded before import = 0
Number of asset objects unloaded after import = 1
========================================================================
Received Import Request.
  Time since last request: 33.925456 seconds.
  path: Assets/Animacje/Przeciwnik/up.anim
  artifactKey: Guid(9b62979a476caf445ac22c11d24a51f4) Importer(815301076,1909f56bfc062723c751e8b465ee728b)
Start importing Assets/Animacje/Przeciwnik/up.anim using Guid(9b62979a476caf445ac22c11d24a51f4) Importer(815301076,1909f56bfc062723c751e8b465ee728b)  -> (artifact id: '74c8dbc4282e6e96c1771a9273cd56a5') in 0.001259 seconds
Number of updated asset objects reloaded before import = 0
Number of asset objects unloaded after import = 1
========================================================================
Received Import Request.
  Time since last request: 8.241460 seconds.
  path: Assets/Animacje/Przeciwnik/down.anim
  artifactKey: Guid(72eea7336a72c9c4995df214265a0562) Importer(815301076,1909f56bfc062723c751e8b465ee728b)
Start importing Assets/Animacje/Przeciwnik/down.anim using Guid(72eea7336a72c9c4995df214265a0562) Importer(815301076,1909f56bfc062723c751e8b465ee728b)  -> (artifact id: '0b6351ed329c6fd19092a873899864df') in 0.001266 seconds
Number of updated asset objects reloaded before import = 0
Number of asset objects unloaded after import = 1
========================================================================
Received Import Request.
  Time since last request: 14.095696 seconds.
  path: Assets/Animacje/Przeciwnik/right.anim
  artifactKey: Guid(66d568aeda7258d45b5cf023097c2b7d) Importer(815301076,1909f56bfc062723c751e8b465ee728b)
Start importing Assets/Animacje/Przeciwnik/right.anim using Guid(66d568aeda7258d45b5cf023097c2b7d) Importer(815301076,1909f56bfc062723c751e8b465ee728b)  -> (artifact id: 'd0786fcf3de7fbf90c3ff4813d8482af') in 0.001355 seconds
Number of updated asset objects reloaded before import = 0
Number of asset objects unloaded after import = 1
========================================================================
Received Import Request.
  Time since last request: 21.741605 seconds.
  path: Assets/Animacje/Przeciwnik/enemy-control.controller
  artifactKey: Guid(c6e14c60bddd4a946906f05e7fd85d89) Importer(815301076,1909f56bfc062723c751e8b465ee728b)
Start importing Assets/Animacje/Przeciwnik/enemy-control.controller using Guid(c6e14c60bddd4a946906f05e7fd85d89) Importer(815301076,1909f56bfc062723c751e8b465ee728b)  -> (artifact id: 'ea9ace70257dd15c3b76593dea87d888') in 0.002442 seconds
Number of updated asset objects reloaded before import = 0
Number of asset objects unloaded after import = 1
========================================================================
Received Import Request.
  Time since last request: 80.603452 seconds.
  path: Assets/Duszki/Przeciwnik/stop.anim
  artifactKey: Guid(724d85a0cef0dba4d809a2ca0e23c70d) Importer(815301076,1909f56bfc062723c751e8b465ee728b)
Start importing Assets/Duszki/Przeciwnik/stop.anim using Guid(724d85a0cef0dba4d809a2ca0e23c70d) Importer(815301076,1909f56bfc062723c751e8b465ee728b)  -> (artifact id: 'ab43d87900e96e78d450fd6b14730916') in 0.001656 seconds
Number of updated asset objects reloaded before import = 0
Number of asset objects unloaded after import = 1
========================================================================
Received Prepare
Begin MonoManager ReloadAssembly
- Loaded All Assemblies, in  0.668 seconds
Refreshing native plugins compatible for Editor in 5.01 ms, found 4 plugins.
Native extension for WindowsStandalone target not found
Native extension for WebGL target not found
[Package Manager] Server::EnsureServerProcessIsRunning -- launch failed, reason: Unity was launched with the -noUpm command-line argument
[Package Manager] UpmClient::Send -- Unable to send message (not connected to UPM process).
[Package Manager] Cannot connect to Unity Package Manager local server
Mono: successfully reloaded assembly
- Finished resetting the current domain, in  1.779 seconds
Domain Reload Profiling: 2447ms
	BeginReloadAssembly (243ms)
		ExecutionOrderSort (0ms)
		DisableScriptedObjects (16ms)
		BackupInstance (0ms)
		ReleaseScriptingObjects (0ms)
		CreateAndSetChildDomain (47ms)
	RebuildCommonClasses (47ms)
	RebuildNativeTypeToScriptingClass (19ms)
	initialDomainReloadingComplete (36ms)
	LoadAllAssembliesAndSetupDomain (321ms)
		LoadAssemblies (452ms)
		RebuildTransferFunctionScriptingTraits (0ms)
		AnalyzeDomain (18ms)
			TypeCache.Refresh (7ms)
				TypeCache.ScanAssembly (0ms)
			ScanForSourceGeneratedMonoScriptInfo (0ms)
			ResolveRequiredComponents (10ms)
	FinalizeReload (1780ms)
		ReleaseScriptCaches (0ms)
		RebuildScriptCaches (0ms)
		SetupLoadedEditorAssemblies (706ms)
			LogAssemblyErrors (0ms)
			InitializePlatformSupportModulesInManaged (9ms)
			SetLoadedEditorAssemblies (6ms)
			RefreshPlugins (0ms)
			BeforeProcessingInitializeOnLoad (102ms)
			ProcessInitializeOnLoadAttributes (531ms)
			ProcessInitializeOnLoadMethodAttributes (54ms)
			AfterProcessingInitializeOnLoad (3ms)
			EditorAssembliesLoaded (1ms)
		ExecutionOrderSort2 (0ms)
		AwakeInstancesAfterBackupRestoration (21ms)
Refreshing native plugins compatible for Editor in 6.88 ms, found 4 plugins.
Preloading 0 native plugins for Editor in 0.00 ms.
Unloading 4199 Unused Serialized files (Serialized files now loaded: 0)
Unloading 44 unused Assets / (292.7 KB). Loaded Objects now: 4809.
Memory consumption went from 171.1 MB to 170.8 MB.
Total: 5.907900 ms (FindLiveObjects: 0.588200 ms CreateObjectMapping: 0.369800 ms MarkObjects: 4.598300 ms  DeleteObjects: 0.349400 ms)

Prepare: number of updated asset objects reloaded= 0
AssetImportParameters requested are different than current active one (requested -> active):
  custom:container-demuxer-ogg: 62fdf1f143b41e24485cea50d1cbac27 -> 
  custom:video-decoder-ogg-theora: a1e56fd34408186e4bbccfd4996cb3dc -> 
  custom:framework-win-MediaFoundation: 216162199b28c13a410421893ffa2e32 -> 
  custom:CustomObjectIndexerAttribute: 9a22284fe3817be447336de3de66b15e -> 
  custom:container-demuxer-webm: 4f35f7cbe854078d1ac9338744f61a02 -> 
  custom:container-muxer-webm: aa71ff27fc2769a1b78a27578f13a17b -> 
  custom:video-decoder-webm-vp8: 9c59270c3fd7afecdb556c50c9e8de78 -> 
  custom:SearchIndexIgnoredProperties: e643bd26f0fe6173181afceb89e7c659 -> 
  custom:AudioImporter_EditorPlatform: d09bf68614088b80899f8185d706f6e7 -> 
  custom:video-encoder-webm-vp8: eb34c28f22e8b96e1ab97ce403110664 -> 
  custom:audio-decoder-ogg-vorbis: bf7c407c2cedff20999df2af8eb42d56 -> 
  custom:audio-encoder-webm-vorbis: bf7c407c2cedff20999df2af8eb42d56 -> 
